2026-06-16 05:35:35,970 [INFO] 
--- District: Алмалинский ---
2026-06-16 05:36:30,707 [INFO]   District done: +0 parkings
2026-06-16 05:36:30,711 [INFO] 
--- District: Бостандыкский ---
2026-06-16 05:37:24,237 [INFO]   District done: +0 parkings
2026-06-16 05:37:24,239 [INFO] 
--- District: Медеуский ---
2026-06-16 05:38:17,722 [INFO]   District done: +0 parkings
2026-06-16 05:38:17,723 [INFO] 
--- District: Ауэзовский ---
2026-06-16 05:39:38,440 [INFO] 
--- District: Алмалинский ---
2026-06-16 05:40:32,562 [INFO]   District done: +0 parkings
2026-06-16 05:40:32,564 [INFO] 
--- District: Бостандыкский ---
2026-06-16 05:41:26,005 [INFO]   District done: +0 parkings
2026-06-16 05:41:26,007 [INFO] 
--- District: Медеуский ---
2026-06-16 05:42:19,636 [INFO]   District done: +0 parkings
2026-06-16 05:42:19,638 [INFO] 
--- District: Ауэзовский ---
2026-06-16 05:43:13,303 [INFO]   District done: +0 parkings
2026-06-16 05:43:13,305 [INFO] 
--- District: Турксибский ---
2026-06-16 05:44:07,536 [INFO]   District done: +0 parkings
2026-06-16 05:44:07,538 [INFO] 
--- District: Жетысуский ---
2026-06-16 05:45:01,110 [INFO]   District done: +0 parkings
2026-06-16 05:45:01,111 [INFO] 
--- District: Наурызбайский ---
2026-06-16 05:45:54,702 [INFO]   District done: +0 parkings
2026-06-16 05:45:54,704 [INFO] 
--- District: Алатауский ---
2026-06-16 05:46:48,342 [INFO]   District done: +0 parkings
2026-06-16 05:46:48,424 [INFO] 
Scraping complete. Total unique: 0
2026-06-16 05:46:48,426 [INFO] ✅ Saved 0 parkings → parkings_almaty.csv
